<?xml version="1.0" encoding="UTF-8"?>
<!-- Generated by org.testng.reporters.JUnitReportReporter -->
<testsuite hostname="DESKTOP-2CQ29RC" failures="0" tests="1" name="tatasons.tataautomobile.AnotherClass" time="0.017" errors="0" timestamp="2021-11-12T09:11:39 IST" skipped="0">
  <testcase classname="tatasons.tataautomobile.AnotherClass" name="morning" time="0.017"/>
  <system-out/>
</testsuite> <!-- tatasons.tataautomobile.AnotherClass -->
