<?xml version="1.0" encoding="UTF-8"?>
<!-- Generated by org.testng.reporters.JUnitReportReporter -->
<testsuite hostname="DESKTOP-2CQ29RC" failures="0" tests="1" name="tatasons.tataautomobile.NewAssert2" time="3.115" errors="0" timestamp="2021-11-14T12:07:56 IST" skipped="0">
  <testcase classname="tatasons.tataautomobile.NewAssert2" name="signup" time="3.115"/>
  <system-out/>
</testsuite> <!-- tatasons.tataautomobile.NewAssert2 -->
