<?xml version="1.0" encoding="UTF-8"?>
<!-- Generated by org.testng.reporters.JUnitReportReporter -->
<testsuite hostname="DESKTOP-2CQ29RC" failures="0" tests="8" name="tatasons.tataautomobile.AutomationPractice" time="58.539" errors="0" timestamp="2021-11-13T09:14:56 IST" skipped="0">
  <testcase classname="tatasons.tataautomobile.AutomationPractice" name="login" time="7.998"/>
  <system-out/>
  <testcase classname="tatasons.tataautomobile.AutomationPractice" name="login" time="9.092"/>
  <system-out/>
  <testcase classname="tatasons.tataautomobile.AutomationPractice" name="systemuser" time="16.016"/>
  <system-out/>
  <testcase classname="tatasons.tataautomobile.AutomationPractice" name="systemuser" time="5.453"/>
  <system-out/>
  <testcase classname="tatasons.tataautomobile.AutomationPractice" name="add" time="3.458"/>
  <system-out/>
  <testcase classname="tatasons.tataautomobile.AutomationPractice" name="add" time="9.569"/>
  <system-out/>
  <testcase classname="tatasons.tataautomobile.AutomationPractice" name="delete" time="4.459"/>
  <system-out/>
  <testcase classname="tatasons.tataautomobile.AutomationPractice" name="delete" time="2.494"/>
  <system-out/>
</testsuite> <!-- tatasons.tataautomobile.AutomationPractice -->
