<?xml version="1.0" encoding="UTF-8"?>
<!-- Generated by org.testng.reporters.JUnitReportReporter -->
<testsuite hostname="DESKTOP-2CQ29RC" failures="0" tests="2" name="tatasons.tataautomobile.PracticeClass" time="0.022" errors="0" timestamp="2021-11-12T21:59:16 IST" skipped="0">
  <testcase classname="tatasons.tataautomobile.PracticeClass" name="abc" time="0.017"/>
  <system-out/>
  <testcase classname="tatasons.tataautomobile.PracticeClass" name="zqrs" time="0.005"/>
  <system-out/>
</testsuite> <!-- tatasons.tataautomobile.PracticeClass -->
