<?xml version="1.0" encoding="UTF-8"?>
<!-- Generated by org.testng.reporters.JUnitReportReporter -->
<testsuite hostname="DESKTOP-2CQ29RC" failures="0" tests="1" name="tatasons.tataautomobile.newassert" time="3.174" errors="0" timestamp="2021-11-14T12:02:18 IST" skipped="0">
  <testcase classname="tatasons.tataautomobile.newassert" name="signup" time="3.174"/>
  <system-out/>
</testsuite> <!-- tatasons.tataautomobile.newassert -->
