<?xml version="1.0" encoding="UTF-8"?>
<!-- Generated by org.testng.reporters.JUnitReportReporter -->
<testsuite hostname="DESKTOP-2CQ29RC" failures="0" tests="2" name="tatasons.tataautomobile.ExtentReport" time="14.765" errors="0" timestamp="2021-11-16T22:54:26 IST" skipped="0">
  <testcase classname="tatasons.tataautomobile.ExtentReport" name="signup" time="4.221"/>
  <system-out/>
  <testcase classname="tatasons.tataautomobile.ExtentReport" name="Select" time="10.544"/>
  <system-out/>
</testsuite> <!-- tatasons.tataautomobile.ExtentReport -->
