<?xml version="1.0" encoding="UTF-8"?>
<!-- Generated by org.testng.reporters.JUnitReportReporter -->
<testsuite hostname="DESKTOP-2CQ29RC" failures="0" tests="3" name="tatasons.tataautomobile.MytestNgClass" time="0.024" errors="0" timestamp="2021-11-12T22:25:43 IST" skipped="0">
  <testcase classname="tatasons.tataautomobile.MytestNgClass" name="m3" time="0.010"/>
  <system-out/>
  <testcase classname="tatasons.tataautomobile.MytestNgClass" name="m1" time="0.007"/>
  <system-out/>
  <testcase classname="tatasons.tataautomobile.MytestNgClass" name="m2" time="0.007"/>
  <system-out/>
</testsuite> <!-- tatasons.tataautomobile.MytestNgClass -->
