<?xml version="1.0" encoding="UTF-8"?>
<!-- Generated by org.testng.reporters.JUnitReportReporter -->
<testsuite hostname="DESKTOP-2CQ29RC" failures="0" tests="1" name="tatasons.tataautomobile.AppTest" time="0.020" errors="0" timestamp="2021-11-14T14:25:45 IST" skipped="0">
  <testcase classname="tatasons.tataautomobile.AppTest" name="shouldAnswerWithTrue" time="0.020"/>
  <system-out/>
</testsuite> <!-- tatasons.tataautomobile.AppTest -->
